This is TeX, C Version 3.14t3 (format=lplain 92.4.23)  19 NOV 1996 16:12
**&/usr/local/lib/tex/formats/lplain manual
(manual
LaTeX Version 2.09 <7 Dec 1989>
LaTeX error.  See LaTeX manual for explanation.
              Type  H <return>  for immediate help.
! Missing \begin{document}.
\@latexerr ...for immediate help.}\errmessage {#1}
                                                  
<to be read again> 
                   G
l.1 G
     ENERAL DESCRIPTION OF AEDIT
? 
! Emergency stop.
\@latexerr ...for immediate help.}\errmessage {#1}
                                                  
<to be read again> 
                   G
l.1 G
     ENERAL DESCRIPTION OF AEDIT
You're in trouble here.  Try typing  <return>  to proceed.
If that doesn't work, type  X <return>  to quit.

 
Here is how much of TeX's memory you used:
 4 strings out of 4463
 46 string characters out of 63225
 23262 words of memory out of 262141
 1972 multiletter control sequences out of 9500
 18996 words of font info for 72 fonts, out of 72000 for 255
 14 hyphenation exceptions out of 607
 7i,0n,3p,72b,7s stack positions out of 300i,40n,60p,3000b,4000s
No pages of output.
