GSL_RNG_TYPE=borosh13
At done 0.000000 took 0.235 s (tot 0.239) 0.006400 to go
Flushing data... done.
GSL_RNG_TYPE=cmrg
At done 0.000000 took 0.438 s (tot 0.442) 0.006400 to go
Flushing data... done.
GSL_RNG_TYPE=coveyou
At done 0.000000 took 0.236 s (tot 0.239) 0.006400 to go
Flushing data... done.
GSL_RNG_TYPE=fishman18
At done 0.000000 took 0.386 s (tot 0.390) 0.006400 to go
Flushing data... done.
GSL_RNG_TYPE=fishman20
At done 0.000000 took 0.324 s (tot 0.328) 0.006400 to go
Flushing data... done.
GSL_RNG_TYPE=fishman2x
At done 0.000000 took 0.333 s (tot 0.336) 0.006400 to go
Flushing data... done.
GSL_RNG_TYPE=gfsr4
At done 0.000000 took 0.261 s (tot 0.266) 0.006400 to go
Flushing data... done.
GSL_RNG_TYPE=knuthran
At done 0.000000 took 0.255 s (tot 0.258) 0.006400 to go
Flushing data... done.
GSL_RNG_TYPE=knuthran2
At done 0.000000 took 0.534 s (tot 0.538) 0.006400 to go
Flushing data... done.
GSL_RNG_TYPE=knuthran2002
At done 0.000000 took 0.315 s (tot 0.319) 0.006400 to go
Flushing data... done.
GSL_RNG_TYPE=lecuyer21
At done 0.000000 took 0.327 s (tot 0.331) 0.006400 to go
Flushing data... done.
GSL_RNG_TYPE=minstd
At done 0.000000 took 0.325 s (tot 0.329) 0.006400 to go
Flushing data... done.
GSL_RNG_TYPE=mrg
At done 0.000000 took 0.352 s (tot 0.355) 0.006400 to go
Flushing data... done.
GSL_RNG_TYPE=mt19937
At done 0.000000 took 0.279 s (tot 0.283) 0.006400 to go
Flushing data... done.
GSL_RNG_TYPE=mt19937_1999
At done 0.000000 took 0.279 s (tot 0.282) 0.006400 to go
Flushing data... done.
GSL_RNG_TYPE=mt19937_1998
At done 0.000000 took 0.279 s (tot 0.283) 0.006400 to go
Flushing data... done.
GSL_RNG_TYPE=r250
At done 0.000000 took 0.251 s (tot 0.255) 0.006400 to go
Flushing data... done.
GSL_RNG_TYPE=ran0
At done 0.000000 took 0.169 s (tot 0.171) 0.006400 to go
Flushing data... done.
GSL_RNG_TYPE=ran1
At done 0.000000 took 0.267 s (tot 0.271) 0.006400 to go
Flushing data... done.
GSL_RNG_TYPE=ran2
At done 0.000000 took 0.321 s (tot 0.325) 0.006400 to go
Flushing data... done.
GSL_RNG_TYPE=ran3
At done 0.000000 took 0.331 s (tot 0.334) 0.006400 to go
Flushing data... done.
GSL_RNG_TYPE=rand
At done 0.000000 took 0.122 s (tot 0.124) 0.006400 to go
Flushing data... done.
GSL_RNG_TYPE=rand48
At done 0.000000 took 0.451 s (tot 0.455) 0.006400 to go
Flushing data... done.
GSL_RNG_TYPE=random128-bsd
At done 0.000000 took 0.250 s (tot 0.254) 0.006400 to go
Flushing data... done.
GSL_RNG_TYPE=random128-glibc2
At done 0.000000 took 0.253 s (tot 0.257) 0.006400 to go
Flushing data... done.
GSL_RNG_TYPE=random128-libc5
At done 0.000000 took 0.252 s (tot 0.255) 0.006400 to go
Flushing data... done.
GSL_RNG_TYPE=random256-bsd
At done 0.000000 took 0.253 s (tot 0.257) 0.006400 to go
Flushing data... done.
GSL_RNG_TYPE=random256-glibc2
At done 0.000000 took 0.253 s (tot 0.256) 0.006400 to go
Flushing data... done.
GSL_RNG_TYPE=random256-libc5
At done 0.000000 took 0.251 s (tot 0.255) 0.006400 to go
Flushing data... done.
GSL_RNG_TYPE=random32-bsd
At done 0.000000 took 0.252 s (tot 0.256) 0.006400 to go
Flushing data... done.
GSL_RNG_TYPE=random32-glibc2
At done 0.000000 took 0.250 s (tot 0.254) 0.006400 to go
Flushing data... done.
GSL_RNG_TYPE=random32-libc5
At done 0.000000 took 0.129 s (tot 0.131) 0.006400 to go
Flushing data... done.
GSL_RNG_TYPE=random64-bsd
At done 0.000000 took 0.131 s (tot 0.133) 0.006400 to go
Flushing data... done.
GSL_RNG_TYPE=random64-glibc2
At done 0.000000 took 0.254 s (tot 0.257) 0.006400 to go
Flushing data... done.
GSL_RNG_TYPE=random64-libc5
At done 0.000000 took 0.251 s (tot 0.254) 0.006400 to go
Flushing data... done.
GSL_RNG_TYPE=random8-bsd
At done 0.000000 took 0.240 s (tot 0.244) 0.006400 to go
Flushing data... done.
GSL_RNG_TYPE=random8-glibc2
At done 0.000000 took 0.240 s (tot 0.245) 0.006400 to go
Flushing data... done.
GSL_RNG_TYPE=random8-libc5
At done 0.000000 took 0.123 s (tot 0.125) 0.006400 to go
Flushing data... done.
GSL_RNG_TYPE=random-bsd
At done 0.000000 took 0.129 s (tot 0.131) 0.006400 to go
Flushing data... done.
GSL_RNG_TYPE=random-glibc2
At done 0.000000 took 0.129 s (tot 0.131) 0.006400 to go
Flushing data... done.
GSL_RNG_TYPE=random-libc5
At done 0.000000 took 0.250 s (tot 0.254) 0.006400 to go
Flushing data... done.
GSL_RNG_TYPE=randu
At done 0.000000 took 0.237 s (tot 0.241) 0.006400 to go
Flushing data... done.
GSL_RNG_TYPE=ranf
At done 0.000000 took 0.448 s (tot 0.452) 0.006400 to go
Flushing data... done.
GSL_RNG_TYPE=ranlux
At done 0.000000 took 0.695 s (tot 0.699) 0.006400 to go
Flushing data... done.
GSL_RNG_TYPE=ranlux389
At done 0.000000 took 1.026 s (tot 1.030) 0.006400 to go
Flushing data... done.
GSL_RNG_TYPE=ranlxd1
At done 0.000000 took 0.879 s (tot 0.883) 0.006400 to go
Flushing data... done.
GSL_RNG_TYPE=ranlxd2
At done 0.000000 took 1.454 s (tot 1.458) 0.006400 to go
Flushing data... done.
GSL_RNG_TYPE=ranlxs0
At done 0.000000 took 0.457 s (tot 0.461) 0.006400 to go
Flushing data... done.
GSL_RNG_TYPE=ranlxs1
At done 0.000000 took 0.590 s (tot 0.594) 0.006400 to go
Flushing data... done.
GSL_RNG_TYPE=ranlxs2
At done 0.000000 took 0.885 s (tot 0.890) 0.006400 to go
Flushing data... done.
GSL_RNG_TYPE=ranmar
At done 0.000000 took 0.281 s (tot 0.285) 0.006400 to go
Flushing data... done.
GSL_RNG_TYPE=slatec
At done 0.000000 took 0.290 s (tot 0.293) 0.006400 to go
Flushing data... done.
GSL_RNG_TYPE=taus
At done 0.000000 took 0.258 s (tot 0.262) 0.006400 to go
Flushing data... done.
GSL_RNG_TYPE=taus2
At done 0.000000 took 0.259 s (tot 0.263) 0.006400 to go
Flushing data... done.
GSL_RNG_TYPE=taus113
At done 0.000000 took 0.273 s (tot 0.277) 0.006400 to go
Flushing data... done.
GSL_RNG_TYPE=transputer
At done 0.000000 took 0.235 s (tot 0.239) 0.006400 to go
Flushing data... done.
GSL_RNG_TYPE=tt800
At done 0.000000 took 0.274 s (tot 0.278) 0.006400 to go
Flushing data... done.
GSL_RNG_TYPE=uni
At done 0.000000 took 0.325 s (tot 0.329) 0.006400 to go
Flushing data... done.
GSL_RNG_TYPE=uni32
At done 0.000000 took 0.325 s (tot 0.329) 0.006400 to go
Flushing data... done.
GSL_RNG_TYPE=vax
At done 0.000000 took 0.238 s (tot 0.242) 0.006400 to go
Flushing data... done.
GSL_RNG_TYPE=waterman14
At done 0.000000 took 0.237 s (tot 0.240) 0.006400 to go
Flushing data... done.
GSL_RNG_TYPE=zuf
At done 0.000000 took 0.299 s (tot 0.303) 0.006400 to go
Flushing data... done.
